<?xml version="1.0" encoding="UTF-8"?>
<!-- Generated by org.testng.reporters.JUnitReportReporter -->
<testsuite skipped="0" hostname="DDc2-D-9T0G882" name="TestClassed.TestClass" tests="2" failures="0" timestamp="2019-09-27T15:50:22 IST" time="15.181" errors="0">
  <testcase name="Test1" time="15.160" classname="TestClassed.TestClass"/>
  <testcase name="Test2" time="0.021" classname="TestClassed.TestClass"/>
</testsuite> <!-- TestClassed.TestClass -->
